<?xml version="1.0" encoding="utf-8"?><testsuite errors="0" failures="0" name="sphinx-gallery" skipped="2" tests="14" time="9.25574517250061"><testcase classname="plot_0_sin" file="../examples/plot_0_sin.py" line="1" name="Introductory example - Plotting sin" time="0.5200052261352539"></testcase><testcase classname="plot_1_exp" file="../examples/plot_1_exp.py" line="1" name="Plotting the exponential function" time="0.2655620574951172"></testcase><testcase classname="plot_2_seaborn" file="../examples/plot_2_seaborn.py" line="1" name="Seaborn example" time="1.367032527923584"></testcase><testcase classname="plot_3_capture_repr" file="../examples/plot_3_capture_repr.py" line="1" name="Capturing output representations" time="1.4228177070617676"></testcase><testcase classname="plot_4_choose_thumbnail" file="../examples/plot_4_choose_thumbnail.py" line="1" name="Choosing the thumbnail figure" time="0.3181774616241455"></testcase><testcase classname="plot_4b_provide_thumbnail" file="../examples/plot_4b_provide_thumbnail.py" line="1" name="Providing a figure for the thumbnail image" time="0.8545191287994385"></testcase><testcase classname="plot_5_unicode_everywhere" file="../examples/plot_5_unicode_everywhere.py" line="1" name="Using Unicode everywhere 🤗" time="0.5437726974487305"></testcase><testcase classname="plot_6_function_identifier" file="../examples/plot_6_function_identifier.py" line="1" name="Identifying function names in a script" time="0.5086491107940674"></testcase><testcase classname="plot_7_sys_argv" file="../examples/plot_7_sys_argv.py" line="1" name="Using ``sys.argv`` in examples" time="0.17711997032165527"></testcase><testcase classname="plot_raise" file="../examples/no_output/plot_raise.py" line="1" name="Example that fails to execute" time="0.3632798194885254"><skipped message="expected example failure"></skipped></testcase><testcase classname="plot_strings" file="../examples/no_output/plot_strings.py" line="1" name="Constrained Text output frame" time="0.32912325859069824"></testcase><testcase classname="plot_syntaxerror" file="../examples/no_output/plot_syntaxerror.py" line="1" name="SyntaxError" time="0.0018160343170166016"><skipped message="expected example failure"></skipped></testcase><testcase classname="plot_parse" file="../tutorials/plot_parse.py" line="1" name="Alternating text and code" time="0.6997988224029541"></testcase><testcase classname="plot_3d" file="../mayavi_examples/plot_3d.py" line="1" name="Plotting simple 3D graph with Mayavi" time="1.8840713500976562"></testcase></testsuite>