<?xml version="1.0" encoding="utf-8"?><testsuite errors="0" failures="0" name="sphinx-gallery" skipped="2" tests="13" time="8.479008197784424"><testcase classname="plot_0_sin" file="../examples/plot_0_sin.py" line="1" name="Introductory example - Plotting sin" time="0.5133717060089111"></testcase><testcase classname="plot_1_exp" file="../examples/plot_1_exp.py" line="1" name="Plotting the exponential function" time="0.2789907455444336"></testcase><testcase classname="plot_2_seaborn" file="../examples/plot_2_seaborn.py" line="1" name="Seaborn example" time="1.3232035636901855"></testcase><testcase classname="plot_3_capture_repr" file="../examples/plot_3_capture_repr.py" line="1" name="Capturing output representations" time="1.383643627166748"></testcase><testcase classname="plot_4_choose_thumbnail" file="../examples/plot_4_choose_thumbnail.py" line="1" name="Choosing the thumbnail figure" time="0.2674105167388916"></testcase><testcase classname="plot_5_unicode_everywhere" file="../examples/plot_5_unicode_everywhere.py" line="1" name="Using Unicode everywhere 🤗" time="0.5584304332733154"></testcase><testcase classname="plot_6_function_identifier" file="../examples/plot_6_function_identifier.py" line="1" name="Identifying function names in a script" time="0.522712230682373"></testcase><testcase classname="plot_7_sys_argv" file="../examples/plot_7_sys_argv.py" line="1" name="Using ``sys.argv`` in examples" time="0.17680716514587402"></testcase><testcase classname="plot_raise" file="../examples/no_output/plot_raise.py" line="1" name="Example that fails to execute" time="0.361875057220459"><skipped message="expected example failure"></skipped></testcase><testcase classname="plot_strings" file="../examples/no_output/plot_strings.py" line="1" name="Constrained Text output frame" time="0.3429744243621826"></testcase><testcase classname="plot_syntaxerror" file="../examples/no_output/plot_syntaxerror.py" line="1" name="SyntaxError" time="0.0018839836120605469"><skipped message="expected example failure"></skipped></testcase><testcase classname="plot_parse" file="../tutorials/plot_parse.py" line="1" name="Alternating text and code" time="0.6828150749206543"></testcase><testcase classname="plot_3d" file="../mayavi_examples/plot_3d.py" line="1" name="Plotting simple 3D graph with Mayavi" time="2.064889669418335"></testcase></testsuite>