<?xml version="1.0" encoding="utf-8"?><testsuite errors="0" failures="0" name="sphinx-gallery" skipped="2" tests="13" time="8.964481115341187"><testcase classname="plot_0_sin" file="../examples/plot_0_sin.py" line="1" name="Introductory example - Plotting sin" time="0.558253288269043"></testcase><testcase classname="plot_1_exp" file="../examples/plot_1_exp.py" line="1" name="Plotting the exponential function" time="0.27718210220336914"></testcase><testcase classname="plot_2_seaborn" file="../examples/plot_2_seaborn.py" line="1" name="Seaborn example" time="1.4490039348602295"></testcase><testcase classname="plot_3_capture_repr" file="../examples/plot_3_capture_repr.py" line="1" name="Capturing output representations" time="1.440758466720581"></testcase><testcase classname="plot_4_choose_thumbnail" file="../examples/plot_4_choose_thumbnail.py" line="1" name="Choosing the thumbnail figure" time="0.2630279064178467"></testcase><testcase classname="plot_5_unicode_everywhere" file="../examples/plot_5_unicode_everywhere.py" line="1" name="Using Unicode everywhere 🤗" time="0.5465469360351562"></testcase><testcase classname="plot_6_function_identifier" file="../examples/plot_6_function_identifier.py" line="1" name="Identifying function names in a script" time="0.5745868682861328"></testcase><testcase classname="plot_7_sys_argv" file="../examples/plot_7_sys_argv.py" line="1" name="Using ``sys.argv`` in examples" time="0.2036283016204834"></testcase><testcase classname="plot_raise" file="../examples/no_output/plot_raise.py" line="1" name="Example that fails to execute" time="0.39264416694641113"><skipped message="expected example failure"></skipped></testcase><testcase classname="plot_strings" file="../examples/no_output/plot_strings.py" line="1" name="Constrained Text output frame" time="0.3599250316619873"></testcase><testcase classname="plot_syntaxerror" file="../examples/no_output/plot_syntaxerror.py" line="1" name="SyntaxError" time="0.0017015933990478516"><skipped message="expected example failure"></skipped></testcase><testcase classname="plot_parse" file="../tutorials/plot_parse.py" line="1" name="Alternating text and code" time="0.6793856620788574"></testcase><testcase classname="plot_3d" file="../mayavi_examples/plot_3d.py" line="1" name="Plotting simple 3D graph with Mayavi" time="2.217836856842041"></testcase></testsuite>