<?xml version="1.0" encoding="utf-8"?><testsuite errors="0" failures="0" name="sphinx-gallery" skipped="2" tests="18" time="10.474196434020996"><testcase classname="plot_sys_argv" file="../examples/plot_sys_argv.py" line="1" name="Using" time="0.2268664836883545"></testcase><testcase classname="plot_colors" file="../examples/plot_colors.py" line="1" name="Colormaps alter your perception" time="0.6145317554473877"></testcase><testcase classname="plot_quantum" file="../examples/plot_quantum.py" line="1" name="Some Quantum Mechanics" time="0.4889185428619385"></testcase><testcase classname="plot_exp" file="../examples/plot_exp.py" line="1" name="Plotting the exponential function" time="0.4232473373413086"></testcase><testcase classname="plot_seaborn" file="../examples/plot_seaborn.py" line="1" name="Seaborn example" time="0.898792028427124"></testcase><testcase classname="plot_choose_thumbnail" file="../examples/plot_choose_thumbnail.py" line="1" name="Choosing the thumbnail figure" time="0.45605039596557617"></testcase><testcase classname="plot_unicode_everywhere" file="../examples/plot_unicode_everywhere.py" line="1" name="Using Unicode everywhere" time="0.5432844161987305"></testcase><testcase classname="plot_function_identifier" file="../examples/plot_function_identifier.py" line="1" name="Identifying function names in a script" time="0.577115535736084"></testcase><testcase classname="plot_gallery_version" file="../examples/plot_gallery_version.py" line="1" name="Sphinx" time="0.3371131420135498"></testcase><testcase classname="plot_sin" file="../examples/sin_func/plot_sin.py" line="1" name="Plotting simple sin function" time="0.3556532859802246"></testcase><testcase classname="plot_sin_black_background" file="../examples/sin_func/plot_sin_black_background.py" line="1" name="Plotting simple sin function on a black background" time="0.3774290084838867"></testcase><testcase classname="plot_strings" file="../examples/no_output/plot_strings.py" line="1" name="Constrained Text output frame" time="0.3396294116973877"></testcase><testcase classname="plot_raise" file="../examples/no_output/plot_raise.py" line="1" name="Example that fails to execute" time="0.3598456382751465"><skipped message="expected example failure"></skipped></testcase><testcase classname="plot_syntaxerror" file="../examples/no_output/plot_syntaxerror.py" line="1" name="SyntaxError" time="0.18857860565185547"><skipped message="expected example failure"></skipped></testcase><testcase classname="plot_parse" file="../tutorials/plot_parse.py" line="1" name="The Header Docstring" time="0.6856076717376709"></testcase><testcase classname="plot_notebook" file="../tutorials/plot_notebook.py" line="1" name="Notebook styled examples" time="0.9383432865142822"></testcase><testcase classname="plot_seaborn_notebook" file="../tutorials/seaborn/plot_seaborn_notebook.py" line="1" name="A notebook seaborn test" time="0.8348803520202637"></testcase><testcase classname="plot_3d" file="../mayavi_examples/plot_3d.py" line="1" name="Plotting simple 3D graph with Mayavi" time="1.8283095359802246"></testcase></testsuite>