<?xml version="1.0" encoding="utf-8"?><testsuite errors="0" failures="0" name="sphinx-gallery" skipped="2" tests="18" time="11.575070858001709"><testcase classname="plot_sys_argv" file="../examples/plot_sys_argv.py" line="1" name="Using" time="0.2476060390472412"></testcase><testcase classname="plot_colors" file="../examples/plot_colors.py" line="1" name="Colormaps alter your perception" time="0.7251338958740234"></testcase><testcase classname="plot_quantum" file="../examples/plot_quantum.py" line="1" name="Some Quantum Mechanics" time="0.5856847763061523"></testcase><testcase classname="plot_exp" file="../examples/plot_exp.py" line="1" name="Plotting the exponential function" time="0.4639408588409424"></testcase><testcase classname="plot_seaborn" file="../examples/plot_seaborn.py" line="1" name="Seaborn example" time="0.9568123817443848"></testcase><testcase classname="plot_choose_thumbnail" file="../examples/plot_choose_thumbnail.py" line="1" name="Choosing the thumbnail figure" time="0.4840540885925293"></testcase><testcase classname="plot_unicode_everywhere" file="../examples/plot_unicode_everywhere.py" line="1" name="Using Unicode everywhere" time="0.5302679538726807"></testcase><testcase classname="plot_function_identifier" file="../examples/plot_function_identifier.py" line="1" name="Identifying function names in a script" time="0.6236462593078613"></testcase><testcase classname="plot_gallery_version" file="../examples/plot_gallery_version.py" line="1" name="Sphinx" time="0.3738229274749756"></testcase><testcase classname="plot_sin" file="../examples/sin_func/plot_sin.py" line="1" name="Plotting simple sin function" time="0.43187856674194336"></testcase><testcase classname="plot_sin_black_background" file="../examples/sin_func/plot_sin_black_background.py" line="1" name="Plotting simple sin function on a black background" time="0.3951079845428467"></testcase><testcase classname="plot_strings" file="../examples/no_output/plot_strings.py" line="1" name="Constrained Text output frame" time="0.39380717277526855"></testcase><testcase classname="plot_raise" file="../examples/no_output/plot_raise.py" line="1" name="Example that fails to execute" time="0.391294002532959"><skipped message="expected example failure"></skipped></testcase><testcase classname="plot_syntaxerror" file="../examples/no_output/plot_syntaxerror.py" line="1" name="SyntaxError" time="0.2123565673828125"><skipped message="expected example failure"></skipped></testcase><testcase classname="plot_parse" file="../tutorials/plot_parse.py" line="1" name="The Header Docstring" time="0.8029100894927979"></testcase><testcase classname="plot_notebook" file="../tutorials/plot_notebook.py" line="1" name="Notebook styled examples" time="1.0874712467193604"></testcase><testcase classname="plot_seaborn_notebook" file="../tutorials/seaborn/plot_seaborn_notebook.py" line="1" name="A notebook seaborn test" time="0.9505300521850586"></testcase><testcase classname="plot_3d" file="../mayavi_examples/plot_3d.py" line="1" name="Plotting simple 3D graph with Mayavi" time="1.918745994567871"></testcase></testsuite>