<?xml version="1.0" encoding="utf-8"?><testsuite errors="0" failures="0" name="sphinx-gallery" skipped="2" tests="18" time="10.001939535140991"><testcase classname="plot_sys_argv" file="../examples/plot_sys_argv.py" line="1" name="Using ``sys.argv`` in examples" time="0.0965576171875"></testcase><testcase classname="plot_colors" file="../examples/plot_colors.py" line="1" name="Colormaps alter your perception" time="0.5664200782775879"></testcase><testcase classname="plot_quantum" file="../examples/plot_quantum.py" line="1" name="Some Quantum Mechanics, filling an atomic orbital" time="0.3938472270965576"></testcase><testcase classname="plot_exp" file="../examples/plot_exp.py" line="1" name="Plotting the exponential function" time="0.2884681224822998"></testcase><testcase classname="plot_seaborn" file="../examples/plot_seaborn.py" line="1" name="Seaborn example" time="0.9345250129699707"></testcase><testcase classname="plot_choose_thumbnail" file="../examples/plot_choose_thumbnail.py" line="1" name="Choosing the thumbnail figure" time="0.29966044425964355"></testcase><testcase classname="plot_unicode_everywhere" file="../examples/plot_unicode_everywhere.py" line="1" name="Using Unicode everywhere 🤗" time="0.40689706802368164"></testcase><testcase classname="plot_gallery_version" file="../examples/plot_gallery_version.py" line="1" name="Sphinx-Gallery introduction" time="0.17882037162780762"></testcase><testcase classname="plot_function_identifier" file="../examples/plot_function_identifier.py" line="1" name="Identifying function names in a script" time="0.5610072612762451"></testcase><testcase classname="plot_sin" file="../examples/sin_func/plot_sin.py" line="1" name="Plotting simple sin function" time="0.2341454029083252"></testcase><testcase classname="plot_sin_black_background" file="../examples/sin_func/plot_sin_black_background.py" line="1" name="Plotting simple sin function on a black background" time="0.23337697982788086"></testcase><testcase classname="plot_strings" file="../examples/no_output/plot_strings.py" line="1" name="Constrained Text output frame" time="0.20411944389343262"></testcase><testcase classname="plot_raise" file="../examples/no_output/plot_raise.py" line="1" name="Example that fails to execute" time="0.25541090965270996"><skipped message="expected example failure"></skipped></testcase><testcase classname="plot_syntaxerror" file="../examples/no_output/plot_syntaxerror.py" line="1" name="SyntaxError" time="0.0019061565399169922"><skipped message="expected example failure"></skipped></testcase><testcase classname="plot_parse" file="../tutorials/plot_parse.py" line="1" name="The Header Docstring" time="0.711561918258667"></testcase><testcase classname="plot_notebook" file="../tutorials/plot_notebook.py" line="1" name="Notebook styled examples" time="1.1530823707580566"></testcase><testcase classname="plot_seaborn_notebook" file="../tutorials/seaborn/plot_seaborn_notebook.py" line="1" name="A notebook seaborn test" time="0.7604899406433105"></testcase><testcase classname="plot_3d" file="../mayavi_examples/plot_3d.py" line="1" name="Plotting simple 3D graph with Mayavi" time="2.7216432094573975"></testcase></testsuite>