<?xml version="1.0" encoding="utf-8"?><testsuite errors="0" failures="0" name="sphinx-gallery" skipped="2" tests="18" time="11.752868413925171"><testcase classname="plot_sys_argv" file="../examples/plot_sys_argv.py" line="1" name="Using" time="0.2681577205657959"></testcase><testcase classname="plot_colors" file="../examples/plot_colors.py" line="1" name="Colormaps alter your perception" time="0.6695835590362549"></testcase><testcase classname="plot_quantum" file="../examples/plot_quantum.py" line="1" name="Some Quantum Mechanics" time="0.5358061790466309"></testcase><testcase classname="plot_exp" file="../examples/plot_exp.py" line="1" name="Plotting the exponential function" time="0.4497795104980469"></testcase><testcase classname="plot_seaborn" file="../examples/plot_seaborn.py" line="1" name="Seaborn example" time="0.9988234043121338"></testcase><testcase classname="plot_choose_thumbnail" file="../examples/plot_choose_thumbnail.py" line="1" name="Choosing the thumbnail figure" time="0.5010101795196533"></testcase><testcase classname="plot_unicode_everywhere" file="../examples/plot_unicode_everywhere.py" line="1" name="Using Unicode everywhere" time="0.5973138809204102"></testcase><testcase classname="plot_function_identifier" file="../examples/plot_function_identifier.py" line="1" name="Identifying function names in a script" time="0.658318042755127"></testcase><testcase classname="plot_gallery_version" file="../examples/plot_gallery_version.py" line="1" name="Sphinx" time="0.40659642219543457"></testcase><testcase classname="plot_sin" file="../examples/sin_func/plot_sin.py" line="1" name="Plotting simple sin function" time="0.40395331382751465"></testcase><testcase classname="plot_sin_black_background" file="../examples/sin_func/plot_sin_black_background.py" line="1" name="Plotting simple sin function on a black background" time="0.4041626453399658"></testcase><testcase classname="plot_strings" file="../examples/no_output/plot_strings.py" line="1" name="Constrained Text output frame" time="0.405322790145874"></testcase><testcase classname="plot_raise" file="../examples/no_output/plot_raise.py" line="1" name="Example that fails to execute" time="0.41103339195251465"><skipped message="expected example failure"></skipped></testcase><testcase classname="plot_syntaxerror" file="../examples/no_output/plot_syntaxerror.py" line="1" name="SyntaxError" time="0.21195697784423828"><skipped message="expected example failure"></skipped></testcase><testcase classname="plot_parse" file="../tutorials/plot_parse.py" line="1" name="The Header Docstring" time="0.8040072917938232"></testcase><testcase classname="plot_notebook" file="../tutorials/plot_notebook.py" line="1" name="Notebook styled examples" time="1.0767898559570312"></testcase><testcase classname="plot_seaborn_notebook" file="../tutorials/seaborn/plot_seaborn_notebook.py" line="1" name="A notebook seaborn test" time="1.006312370300293"></testcase><testcase classname="plot_3d" file="../mayavi_examples/plot_3d.py" line="1" name="Plotting simple 3D graph with Mayavi" time="1.9439408779144287"></testcase></testsuite>