<?xml version="1.0" encoding="utf-8"?><testsuite errors="0" failures="0" name="sphinx-gallery" skipped="2" tests="19" time="10.606127977371216"><testcase classname="plot_capture_repr" file="../examples/plot_capture_repr.py" line="1" name="Capturing output representations" time="0.7037868499755859"></testcase><testcase classname="plot_sys_argv" file="../examples/plot_sys_argv.py" line="1" name="Using ``sys.argv`` in examples" time="0.14166474342346191"></testcase><testcase classname="plot_colors" file="../examples/plot_colors.py" line="1" name="Colormaps alter your perception" time="0.7601349353790283"></testcase><testcase classname="plot_quantum" file="../examples/plot_quantum.py" line="1" name="Some Quantum Mechanics, filling an atomic orbital" time="0.4593503475189209"></testcase><testcase classname="plot_seaborn" file="../examples/plot_seaborn.py" line="1" name="Seaborn example" time="0.8653397560119629"></testcase><testcase classname="plot_exp" file="../examples/plot_exp.py" line="1" name="Plotting the exponential function" time="0.29584813117980957"></testcase><testcase classname="plot_choose_thumbnail" file="../examples/plot_choose_thumbnail.py" line="1" name="Choosing the thumbnail figure" time="0.29485321044921875"></testcase><testcase classname="plot_unicode_everywhere" file="../examples/plot_unicode_everywhere.py" line="1" name="Using Unicode everywhere 🤗" time="0.5598294734954834"></testcase><testcase classname="plot_gallery_version" file="../examples/plot_gallery_version.py" line="1" name="Sphinx-Gallery introduction" time="0.2680084705352783"></testcase><testcase classname="plot_function_identifier" file="../examples/plot_function_identifier.py" line="1" name="Identifying function names in a script" time="0.5519528388977051"></testcase><testcase classname="plot_sin" file="../examples/sin_func/plot_sin.py" line="1" name="Plotting simple sin function" time="0.2947652339935303"></testcase><testcase classname="plot_sin_black_background" file="../examples/sin_func/plot_sin_black_background.py" line="1" name="Plotting simple sin function on a black background" time="0.24303221702575684"></testcase><testcase classname="plot_strings" file="../examples/no_output/plot_strings.py" line="1" name="Constrained Text output frame" time="0.29250168800354004"></testcase><testcase classname="plot_raise" file="../examples/no_output/plot_raise.py" line="1" name="Example that fails to execute" time="0.32767534255981445"><skipped message="expected example failure"></skipped></testcase><testcase classname="plot_syntaxerror" file="../examples/no_output/plot_syntaxerror.py" line="1" name="SyntaxError" time="0.0016326904296875"><skipped message="expected example failure"></skipped></testcase><testcase classname="plot_parse" file="../tutorials/plot_parse.py" line="1" name="The Header Docstring" time="0.7232933044433594"></testcase><testcase classname="plot_notebook" file="../tutorials/plot_notebook.py" line="1" name="Notebook styled examples" time="1.103102445602417"></testcase><testcase classname="plot_seaborn_notebook" file="../tutorials/seaborn/plot_seaborn_notebook.py" line="1" name="A notebook seaborn test" time="0.8536074161529541"></testcase><testcase classname="plot_3d" file="../mayavi_examples/plot_3d.py" line="1" name="Plotting simple 3D graph with Mayavi" time="1.8657488822937012"></testcase></testsuite>