<?xml version="1.0" encoding="utf-8"?><testsuite errors="0" failures="0" name="sphinx-gallery" skipped="2" tests="2" time="0.5745501518249512"><testcase classname="plot_raise" file="../examples/no_output/plot_raise.py" line="1" name="Example that fails to execute" time="0.38215136528015137"><skipped message="expected example failure"></skipped></testcase><testcase classname="plot_syntaxerror" file="../examples/no_output/plot_syntaxerror.py" line="1" name="SyntaxError" time="0.1923987865447998"><skipped message="expected example failure"></skipped></testcase></testsuite>